Build started 3.12.2018 11:05:47.
     1>Project "D:\RA230-2015\aadsp2\glavni_workspace\aadsp2_Projekat\Model1\Model1.vcxproj" on node 2 (build target(s)).
     1>InitializeBuildStatus:
         Creating "Debug\Model1.unsuccessfulbuild" because "AlwaysCreate" was specified.
       ClCompile:
         C:\Program Files (x86)\Microsoft Visual Studio 10.0\VC\bin\CL.exe /c /ZI /nologo /W3 /WX- /Od /Oy- /D _MBCS /Gm /EHsc /RTC1 /MDd /GS /fp:precise /Zc:wchar_t /Zc:forScope /Fo"Debug\\" /Fd"Debug\vc100.pdb" /Gd /TP /analyze- /errorReport:prompt common.cpp main.cpp WAVheader.cpp
         WAVheader.cpp
     1>d:\ra230-2015\aadsp2\glavni_workspace\aadsp2_projekat\model1\wavheader.cpp(84): warning C4996: 'fopen': This function or variable may be unsafe. Consider using fopen_s instead. To disable deprecation, use _CRT_SECURE_NO_WARNINGS. See online help for details.
                 c:\program files (x86)\microsoft visual studio 10.0\vc\include\stdio.h(234) : see declaration of 'fopen'
         main.cpp
     1>d:\ra230-2015\aadsp2\glavni_workspace\aadsp2_projekat\model1\main.cpp(109): warning C4996: 'strcpy': This function or variable may be unsafe. Consider using strcpy_s instead. To disable deprecation, use _CRT_SECURE_NO_WARNINGS. See online help for details.
                 c:\program files (x86)\microsoft visual studio 10.0\vc\include\string.h(105) : see declaration of 'strcpy'
     1>d:\ra230-2015\aadsp2\glavni_workspace\aadsp2_projekat\model1\main.cpp(111): warning C4996: 'strcpy': This function or variable may be unsafe. Consider using strcpy_s instead. To disable deprecation, use _CRT_SECURE_NO_WARNINGS. See online help for details.
                 c:\program files (x86)\microsoft visual studio 10.0\vc\include\string.h(105) : see declaration of 'strcpy'
     1>d:\ra230-2015\aadsp2\glavni_workspace\aadsp2_projekat\model1\main.cpp(213): warning C4244: '=' : conversion from 'double' to 'int', possible loss of data
         common.cpp
     1>d:\ra230-2015\aadsp2\glavni_workspace\aadsp2_projekat\model1\common.cpp(50): warning C4101: 'i' : unreferenced local variable
     1>d:\ra230-2015\aadsp2\glavni_workspace\aadsp2_projekat\model1\common.cpp(77): warning C4101: 'i' : unreferenced local variable
         Generating Code...
       Link:
         C:\Program Files (x86)\Microsoft Visual Studio 10.0\VC\bin\link.exe /ERRORREPORT:PROMPT /OUT:"D:\RA230-2015\aadsp2\glavni_workspace\aadsp2_Projekat\Debug\Model1.exe" /NOLOGO kernel32.lib user32.lib gdi32.lib winspool.lib comdlg32.lib advapi32.lib shell32.lib ole32.lib oleaut32.lib uuid.lib odbc32.lib odbccp32.lib /MANIFEST /ManifestFile:"Debug\Model1.exe.intermediate.manifest" /MANIFESTUAC:"level='asInvoker' uiAccess='false'" /DEBUG /PDB:"D:\RA230-2015\aadsp2\glavni_workspace\aadsp2_Projekat\Debug\Model1.pdb" /TLBID:1 /DYNAMICBASE /NXCOMPAT /IMPLIB:"D:\RA230-2015\aadsp2\glavni_workspace\aadsp2_Projekat\Debug\Model1.lib" /MACHINE:X86 Debug\common.obj
         Debug\main.obj
         Debug\WAVheader.obj
         Model1.vcxproj -> D:\RA230-2015\aadsp2\glavni_workspace\aadsp2_Projekat\Debug\Model1.exe
       Manifest:
         C:\Program Files (x86)\Microsoft SDKs\Windows\v7.0A\bin\mt.exe /nologo /verbose /outputresource:"D:\RA230-2015\aadsp2\glavni_workspace\aadsp2_Projekat\Debug\Model1.exe;#1" /manifest Debug\Model1.exe.intermediate.manifest
       FinalizeBuildStatus:
         Deleting file "Debug\Model1.unsuccessfulbuild".
         Touching "Debug\Model1.lastbuildstate".
     1>Done Building Project "D:\RA230-2015\aadsp2\glavni_workspace\aadsp2_Projekat\Model1\Model1.vcxproj" (build target(s)).

Build succeeded.

Time Elapsed 00:00:01.43
